<?xml version="1.0" encoding="UTF-8"?>
<!-- Generated by org.testng.reporters.JUnitReportReporter -->
<testsuite skipped="0" hostname="LAPTOP-O336UK3G" name="com.jbk.DemoTest2" tests="1" failures="0" timestamp="04 Mar 2023 15:03:02 GMT" time="0.002" errors="0">
  <testcase name="test01" time="0.002" classname="com.jbk.DemoTest2"/>
</testsuite> <!-- com.jbk.DemoTest2 -->
