<?xml version="1.0" encoding="UTF-8"?>
<!-- Generated by org.testng.reporters.JUnitReportReporter -->
<testsuite skipped="0" hostname="LAPTOP-O336UK3G" name="com.tests.DemoTest" tests="1" failures="0" timestamp="04 Mar 2023 15:03:02 GMT" time="0.034" errors="0">
  <testcase name="test01" time="0.034" classname="com.tests.DemoTest"/>
</testsuite> <!-- com.tests.DemoTest -->
